<?xml version="1.0" encoding="UTF-8"?>
<!-- Generated by org.testng.reporters.JUnitXMLReporter -->
<testsuite ignored="0" hostname="LAPTOP-IUGDUUJK" failures="1" tests="7" name="Test" time="17.554" errors="0" timestamp="2023-06-26T21:56:17 IST">
  <testcase classname="test_classes.Post_Retry_TC1" name="validator" time="0.0">
    <failure type="org.testng.TestNGException" message="
Cannot inject @Test annotated Method [validator] with [class java.lang.String, class java.lang.String].
For more information on native dependency injection please refer to https://testng.org/doc/documentation-main.html#native-dependency-injection">
      <![CDATA[org.testng.TestNGException: 
Cannot inject @Test annotated Method [validator] with [class java.lang.String, class java.lang.String].
For more information on native dependency injection please refer to https://testng.org/doc/documentation-main.html#native-dependency-injection
at java.base/java.util.ArrayList.forEach(ArrayList.java:1511)
... Removed 26 stack frames]]>
    </failure>
  </testcase> <!-- validator -->
  <testcase classname="test_classes.Post_Retry_TC1" name="execute" time="6.266"/>
  <testcase classname="test_classes.post_TC1" name="extractor" time="1.579"/>
  <testcase classname="test_classes.put_TC1" name="extractor" time="1.413"/>
  <testcase classname="test_classes.patch_TC1" name="extractor" time="1.413"/>
  <testcase classname="test_classes.Put_Retry_TC1" name="execute" time="3.0"/>
  <testcase classname="test_classes.Patch_Retry_TC1" name="execute" time="3.518"/>
</testsuite> <!-- Test -->
