<?xml version="1.0" encoding="UTF-8"?>
<testng-results ignored="0" total="7" passed="6" failed="1" skipped="0">
  <reporter-output>
  </reporter-output>
  <suite started-at="2023-06-26T21:55:59 IST" name="Suite" finished-at="2023-06-26T21:56:17 IST" duration-ms="17554">
    <groups>
    </groups>
    <test started-at="2023-06-26T21:55:59 IST" name="Test" finished-at="2023-06-26T21:56:17 IST" duration-ms="17554">
      <class name="test_classes.Put_Retry_TC1">
        <test-method signature="execute()[pri:0, instance:test_classes.Put_Retry_TC1@70ed52de]" started-at="2023-06-26T21:56:10 IST" name="execute" finished-at="2023-06-26T21:56:13 IST" duration-ms="3000" status="PASS">
          <reporter-output>
          </reporter-output>
        </test-method> <!-- execute -->
      </class> <!-- test_classes.Put_Retry_TC1 -->
      <class name="test_classes.patch_TC1">
        <test-method signature="extractor()[pri:0, instance:test_classes.patch_TC1@5ddeb7cb]" started-at="2023-06-26T21:56:09 IST" name="extractor" finished-at="2023-06-26T21:56:10 IST" duration-ms="1413" status="PASS">
          <reporter-output>
          </reporter-output>
        </test-method> <!-- extractor -->
      </class> <!-- test_classes.patch_TC1 -->
      <class name="test_classes.post_TC1">
        <test-method signature="extractor()[pri:2, instance:test_classes.post_TC1@8462f31]" started-at="2023-06-26T21:56:06 IST" name="extractor" finished-at="2023-06-26T21:56:08 IST" duration-ms="1579" status="PASS">
          <reporter-output>
          </reporter-output>
        </test-method> <!-- extractor -->
      </class> <!-- test_classes.post_TC1 -->
      <class name="test_classes.Post_Retry_TC1">
        <test-method signature="validator(java.lang.String,java.lang.String)[pri:1, instance:test_classes.Post_Retry_TC1@6440112d]" started-at="2023-06-26T21:56:00 IST" name="validator" finished-at="2023-06-26T21:56:00 IST" duration-ms="0" status="FAIL">
          <exception class="org.testng.TestNGException">
            <message>
              <![CDATA[
Cannot inject @Test annotated Method [validator] with [class java.lang.String, class java.lang.String].
For more information on native dependency injection please refer to https://testng.org/doc/documentation-main.html#native-dependency-injection]]>
            </message>
            <full-stacktrace>
              <![CDATA[org.testng.TestNGException: 
Cannot inject @Test annotated Method [validator] with [class java.lang.String, class java.lang.String].
For more information on native dependency injection please refer to https://testng.org/doc/documentation-main.html#native-dependency-injection
at org.testng.internal.Parameters.checkParameterTypes(Parameters.java:436)
at org.testng.internal.Parameters.createParametersForMethod(Parameters.java:350)
at org.testng.internal.Parameters.createParameters(Parameters.java:693)
at org.testng.internal.Parameters.handleParameters(Parameters.java:879)
at org.testng.internal.Parameters.handleParameters(Parameters.java:728)
at org.testng.internal.invokers.ParameterHandler.handleParameters(ParameterHandler.java:72)
at org.testng.internal.invokers.ParameterHandler.createParameters(ParameterHandler.java:51)
at org.testng.internal.invokers.TestInvoker$MethodInvocationAgent.invoke(TestInvoker.java:911)
at org.testng.internal.invokers.TestInvoker.invokeTestMethods(TestInvoker.java:200)
at org.testng.internal.invokers.TestMethodWorker.invokeTestMethods(TestMethodWorker.java:148)
at org.testng.internal.invokers.TestMethodWorker.run(TestMethodWorker.java:128)
at java.base/java.util.ArrayList.forEach(ArrayList.java:1511)
at org.testng.TestRunner.privateRun(TestRunner.java:848)
at org.testng.TestRunner.run(TestRunner.java:621)
at org.testng.SuiteRunner.runTest(SuiteRunner.java:443)
at org.testng.SuiteRunner.runSequentially(SuiteRunner.java:437)
at org.testng.SuiteRunner.privateRun(SuiteRunner.java:397)
at org.testng.SuiteRunner.run(SuiteRunner.java:336)
at org.testng.SuiteRunnerWorker.runSuite(SuiteRunnerWorker.java:52)
at org.testng.SuiteRunnerWorker.run(SuiteRunnerWorker.java:95)
at org.testng.TestNG.runSuitesSequentially(TestNG.java:1280)
at org.testng.TestNG.runSuitesLocally(TestNG.java:1200)
at org.testng.TestNG.runSuites(TestNG.java:1114)
at org.testng.TestNG.run(TestNG.java:1082)
at org.testng.remote.AbstractRemoteTestNG.run(AbstractRemoteTestNG.java:115)
at org.testng.remote.RemoteTestNG.initAndRun(RemoteTestNG.java:251)
at org.testng.remote.RemoteTestNG.main(RemoteTestNG.java:77)
]]>
            </full-stacktrace>
          </exception> <!-- org.testng.TestNGException -->
          <reporter-output>
          </reporter-output>
        </test-method> <!-- validator -->
        <test-method signature="execute()[pri:2, instance:test_classes.Post_Retry_TC1@6440112d]" started-at="2023-06-26T21:56:00 IST" name="execute" finished-at="2023-06-26T21:56:06 IST" duration-ms="6266" status="PASS">
          <reporter-output>
          </reporter-output>
        </test-method> <!-- execute -->
      </class> <!-- test_classes.Post_Retry_TC1 -->
      <class name="test_classes.put_TC1">
        <test-method signature="extractor()[pri:0, instance:test_classes.put_TC1@24569dba]" started-at="2023-06-26T21:56:08 IST" name="extractor" finished-at="2023-06-26T21:56:09 IST" duration-ms="1413" status="PASS">
          <reporter-output>
          </reporter-output>
        </test-method> <!-- extractor -->
      </class> <!-- test_classes.put_TC1 -->
      <class name="test_classes.Patch_Retry_TC1">
        <test-method signature="execute()[pri:0, instance:test_classes.Patch_Retry_TC1@496bc455]" started-at="2023-06-26T21:56:14 IST" name="execute" finished-at="2023-06-26T21:56:17 IST" duration-ms="3518" status="PASS">
          <reporter-output>
          </reporter-output>
        </test-method> <!-- execute -->
      </class> <!-- test_classes.Patch_Retry_TC1 -->
    </test> <!-- Test -->
  </suite> <!-- Suite -->
</testng-results>
